<?xml version="1.0" encoding="UTF-8"?>
<!-- Generated by org.testng.reporters.JUnitReportReporter -->
<testsuite hostname="L-INE-CYY4T93" failures="0" tests="3" name="TestNG5" time="9.089" errors="0" timestamp="2023-09-05T10:32:36 IST" skipped="0">
  <testcase classname="TestNG5" name="a" time="5.546"/>
  <testcase classname="TestNG5" name="c" time="1.964"/>
  <testcase classname="TestNG5" name="b" time="1.579"/>
</testsuite> <!-- TestNG5 -->
