<?xml version="1.0" encoding="UTF-8"?>
<!-- Generated by org.testng.reporters.JUnitReportReporter -->
<testsuite hostname="L-INE-CYY4T93" failures="0" tests="4" name="TestNG7" time="5.820" errors="0" timestamp="2023-09-05T11:26:34 IST" skipped="0">
  <testcase classname="TestNG7" name="First_fn" time="5.183"/>
  <testcase classname="TestNG7" name="Second_fn" time="0.347"/>
  <testcase classname="TestNG7" name="fourth_fn" time="0.218"/>
  <testcase classname="TestNG7" name="Third_fn" time="0.072"/>
</testsuite> <!-- TestNG7 -->
