<?xml version="1.0" encoding="UTF-8"?>
<!-- Generated by org.testng.reporters.JUnitReportReporter -->
<testsuite hostname="L-INE-CYY4T93" failures="0" tests="1" name="TextNG4" time="6.139" errors="0" timestamp="2023-09-04T14:26:49 IST" skipped="0">
  <testcase classname="TextNG4" name="f" time="6.139"/>
</testsuite> <!-- TextNG4 -->
