<?xml version="1.0" encoding="UTF-8"?>
<!-- Generated by org.testng.reporters.JUnitReportReporter -->
<testsuite hostname="L-INE-CYY4T93" failures="0" tests="1" name="TextNG3" time="5.102" errors="0" timestamp="2023-09-04T13:57:22 IST" skipped="0">
  <testcase classname="TextNG3" name="f" time="5.102"/>
</testsuite> <!-- TextNG3 -->
