<?xml version="1.0" encoding="UTF-8"?>
<!-- Generated by org.testng.reporters.JUnitReportReporter -->
<testsuite hostname="L-INE-CYY4T93" failures="0" tests="2" name="SeleniumDay11_TestNG1" time="17.452" errors="0" timestamp="2023-09-04T13:00:25 IST" skipped="0">
  <testcase classname="SeleniumDay11_TestNG1" name="f1" time="15.611"/>
  <testcase classname="SeleniumDay11_TestNG1" name="f" time="1.841"/>
</testsuite> <!-- SeleniumDay11_TestNG1 -->
