<?xml version="1.0" encoding="UTF-8"?>
<!-- Generated by org.testng.reporters.JUnitReportReporter -->
<testsuite hostname="L-INE-CYY4T93" failures="0" tests="2" name="TextNG2" time="6.685" errors="0" timestamp="2023-09-04T14:07:19 IST" skipped="0">
  <testcase classname="TextNG2" name="a" time="4.479"/>
  <testcase classname="TextNG2" name="f" time="2.206"/>
</testsuite> <!-- TextNG2 -->
